<?xml version="1.0" encoding="UTF-8"?>
<testng-results skipped="0" failed="0" total="1" passed="1">
  <reporter-output>
  </reporter-output>
  <suite name="Default suite" duration-ms="20534" started-at="2017-03-24T14:03:37Z" finished-at="2017-03-24T14:03:58Z">
    <groups>
    </groups>
    <test name="Default test" duration-ms="20534" started-at="2017-03-24T14:03:37Z" finished-at="2017-03-24T14:03:58Z">
      <class name="Test11">
        <test-method status="PASS" signature="setUp()[pri:0, instance:Test11@51efea79]" name="setUp" is-config="true" duration-ms="15162" started-at="2017-03-24T19:33:37Z" finished-at="2017-03-24T19:33:53Z">
          <reporter-output>
          </reporter-output>
        </test-method> <!-- setUp -->
        <test-method status="PASS" signature="test11()[pri:0, instance:Test11@51efea79]" name="test11" duration-ms="2794" started-at="2017-03-24T19:33:53Z" finished-at="2017-03-24T19:33:55Z">
          <reporter-output>
          </reporter-output>
        </test-method> <!-- test11 -->
        <test-method status="PASS" signature="tearDown()[pri:0, instance:Test11@51efea79]" name="tearDown" is-config="true" duration-ms="2539" started-at="2017-03-24T19:33:55Z" finished-at="2017-03-24T19:33:58Z">
          <reporter-output>
          </reporter-output>
        </test-method> <!-- tearDown -->
      </class> <!-- Test11 -->
    </test> <!-- Default test -->
  </suite> <!-- Default suite -->
</testng-results>
